Sex Mai 24 18:36:05 BRT 2013 --- Mauro George e Thiago Belem
Sex Mai 24 18:46:48 BRT 2013 --- Bruno Cezar e Mauro George
Sex Mai 24 18:53:41 BRT 2013 --- Cecília Belém e Bruno Cezar
Sex Mai 24 19:00:18 BRT 2013 --- Willian Oizumi e Cecília Belém
Sex Mai 24 19:06:59 BRT 2013 --- Rodrigo Gomes e Willian Oizumi
Sex Mai 24 19:14:53 BRT 2013 --- Thiago Belem e Rodrigo Gomes
Sex Mai 24 19:20:50 BRT 2013 --- Flavia Fortes e Thiago Belem
Sex Mai 24 19:26:42 BRT 2013 --- Mauro George e Flavia Fortes
Sex Mai 24 19:33:25 BRT 2013 --- Bruno Cezar e Mauro George
Sex Mai 24 19:40:04 BRT 2013 --- Carlos Cunha e Bruno Cezar
Sex Mai 24 19:45:40 BRT 2013 --- Flavia Fortes e Carlos Cunha
Sex Mai 24 19:58:09 BRT 2013 --- Thiago Belem e Flavia Fortes
Sex Mai 24 20:06:25 BRT 2013 --- Bruno Cezar e Thiago Belem
Sex Mai 24 20:13:15 BRT 2013 --- Willian Oizumi e Bruno Cezar
Sex Mai 24 20:26:37 BRT 2013 --- Thiago Belem e Willian Oizumi
Sex Mai 24 20:32:14 BRT 2013 --- Carlos Cunha e Thiago Belem
Sex Mai 24 20:42:42 BRT 2013 --- Flavia Fortes e Carlos Cunha
Sex Mai 24 20:49:18 BRT 2013 --- Thiago Belem e Flavia Fortes
Sex Mai 24 20:54:32 BRT 2013 --- WIllian Oizumi e Thiago Belem
Seg Mai 27 19:37:39 BRT 2013 --- Julio Marins e Cecília Belém
Seg Mai 27 19:43:22 BRT 2013 --- Eduardo Almeida e Julio Marins
Seg Mai 27 19:49:53 BRT 2013 --- Fernando Oliveira e Eduardo Almeida
Seg Mai 27 19:55:21 BRT 2013 --- Flávio Rodrigues e Fernando Oliveira
Seg Mai 27 20:05:37 BRT 2013 --- Cecília Belém e Flávio Rodrigues
Seg Mai 27 20:11:22 BRT 2013 --- Eduardo Almeida e Cecília Belém
Seg Mai 27 20:18:56 BRT 2013 --- Julio Marins e Eduardo Almeida
Seg Mai 27 20:24:22 BRT 2013 --- Fernando Oliveira e Julio Marins
Seg Mai 27 20:31:14 BRT 2013 --- Carlos Cunha e Fernando Oliveira
Seg Mai 27 20:37:57 BRT 2013 --- André Pfeiffer e Carlos Cunha
Seg Mai 27 20:54:45 BRT 2013 --- Flávio Rodrigues e André Pfeiffer
Seg Mai 27 21:04:18 BRT 2013 --- Carlos Cunha e Flávio Rodrigues
