Qua Jul 10 19:38:39 BRT 2013 --- Otávio Cardoso e Juan Lopes
Qua Jul 10 19:44:27 BRT 2013 --- Cecília Belém e Otávio Cardoso
Qua Jul 10 19:50:19 BRT 2013 --- Thiago Belem e Cecília Belém
Qua Jul 10 19:58:05 BRT 2013 --- Jacqueline Abreu e Thiago Belem
Qua Jul 10 20:06:03 BRT 2013 --- Carlos Cunha e Jacqueline Abreu
Qua Jul 10 20:13:31 BRT 2013 --- Jonatas Emidio e Carlos Cunha
Qua Jul 10 20:23:03 BRT 2013 --- Francisco e Jonatas Emidio
Qua Jul 10 20:34:26 BRT 2013 --- Flávio Amieiro e Francisco Martins
Qua Jul 10 20:39:56 BRT 2013 --- Lucas R. Martins e Flávio Amieiro
Qua Jul 10 20:46:36 BRT 2013 --- Jacqueline Abreu e Lucas R. Martins
Qua Jul 10 20:52:37 BRT 2013 --- Juan Lopes e Jacqueline Abreu
Qua Jul 10 20:58:56 BRT 2013 --- Jonatas Emidio e Juan Lopes
Qua Jul 10 21:05:45 BRT 2013 --- Lucas R. Martins e Jonatas Emidio
Qua Jul 10 21:13:30 BRT 2013 --- Lucas M. Rosalino e Lucas R. Martins
Qua Jul 10 21:20:24 BRT 2013 --- valéria Parajara e Lucas M. Rosalino
Qua Jul 17 19:13:55 BRT 2013 --- Renan Cardoso e Eduardo Satãlinho
Qua Jul 17 19:19:37 BRT 2013 --- Otávio Cardoso e Renan Cardoso
Qua Jul 17 19:28:43 BRT 2013 --- Carlos Cunha e Otávio Cardoso
Qua Jul 17 19:39:57 BRT 2013 --- Eduardo Stalinho e Carlos Cunha
Qua Jul 17 19:49:09 BRT 2013 --- Carlos Figueiredo e Eduardo Stalinho
Qua Jul 17 19:56:05 BRT 2013 --- Renan Cardoso e Carlos Figueiredo
