Qua Jan 6 19:25:02 BRST 2016 - Juan Lopes e Otavio Cardoso
Qua Jan 6 19:30:34 BRST 2016 - Julio Marins e Juan Lopes
Qua Jan 6 19:36:02 BRST 2016 - Giovanni Bassi e Julio Marins
Qua Jan 6 19:41:38 BRST 2016 - Marcio de Jesus e Giovanni Bassi
Qua Jan 6 19:46:55 BRST 2016 - Otavio Cardoso e Marcio de Jesus
Qua Jan 6 19:52:28 BRST 2016 - Juan Lopes e Otavio Cardoso
Qua Jan 6 19:57:42 BRST 2016 - Julio Marins e Juan Lopes
Qua Jan 6 20:03:02 BRST 2016 - Giovanni Bassi e Julio Marins
Qua Jan 6 20:08:19 BRST 2016 - Marcio de Jesus e Giovanni Bassi
Qua Jan 6 20:13:40 BRST 2016 - Otavio Cardoso e Marcio de Jesus
Qua Jan 6 20:19:13 BRST 2016 - Juan Lopes e Otavio Cardoso
Qua Jan 6 20:24:28 BRST 2016 - Giovanni Bassi e Juan Lopes
Qua Jan 6 20:30:53 BRST 2016 - Julio Marins e Giovanni Bassi
Qua Jan 6 20:39:40 BRST 2016 - Marcio de Jesus e Julio Marins
Qua Jan 6 20:44:53 BRST 2016 - Otavio Cardoso e Marcio de Jesus
Qua Jan 6 20:59:06 BRST 2016 - Julio Marins e Otavio Cardoso
Qua Jan 6 21:04:19 BRST 2016 - Giovanni Bassi e Julio Marins
Qua Jan 6 21:09:44 BRST 2016 - Jonatas Emidio e Giovanni Bassi
Qua Jan 6 21:15:05 BRST 2016 - Juan Lopes e Jonatas Emidio
Qua Jan 6 21:22:05 BRST 2016 - Isabel e Juan Lopes
Qua Jan 13 19:43:21 BRST 2016 - Julio Marins e Marcio de Jesus
Qua Jan 13 19:50:25 BRST 2016 - Marcell Monteiro e Julio Marins
Qua Jan 13 19:55:59 BRST 2016 - Toti Cavalcanti e Marcell Monteiro
Qua Jan 13 20:12:48 BRST 2016 - Julio Marins e Toti Cavalcanti
Qua Jan 13 20:26:45 BRST 2016 - Otavio Cardoso e Julio Marins
Qua Jan 13 20:32:46 BRST 2016 - Jonatas Emidio e Otavio Cardoso
Qua Jan 13 20:38:13 BRST 2016 - Marcell Monteiro e Jonatas Emidio
Qua Jan 13 20:43:34 BRST 2016 - Toti Cavalcanti e Marcell Monteiro
Qua Jan 13 20:48:52 BRST 2016 - Marcio de Jesus e Toti Cavalcanti
Qua Jan 13 20:54:16 BRST 2016 - Julio Marins e Marcio de Jesus
Qua Jan 13 21:00:47 BRST 2016 - Jonatas Emidio e Julio Marins
Qua Jan 13 21:10:02 BRST 2016 - Marcell Monteiro e Jonatas Emidio
Qua Jan 13 21:15:38 BRST 2016 - Toti Cavalcanti e Marcell Monteiro
Qua Jan 13 21:20:55 BRST 2016 - Otavio Cardoso e Toti Cavalcanti
