Qua Fev 20 19:24:39 BRT 2013 --- Thiago Belem e Juan Lopes
Qua Fev 20 19:30:51 BRT 2013 --- Flávio Amieiro e Thiago Belem
Qua Fev 20 19:38:33 BRT 2013 --- Edson Pinages e Flávio Amieiro
Qua Fev 20 19:44:06 BRT 2013 --- Israel Teixeira e Edson Pinages
Qua Fev 20 19:49:24 BRT 2013 --- Jacqueline Abreu e Israel Teixeira
Qua Fev 20 19:55:39 BRT 2013 --- Willian Oizumi e Jacqueline Abreu
Qua Fev 20 20:01:55 BRT 2013 --- Otávio Cardoso e Willian Oizumi
Qua Fev 20 20:07:32 BRT 2013 --- Thiago Belem e Otávio Cardoso
Qua Fev 20 20:17:21 BRT 2013 --- Leandro Thimóteo e Thiago Belem
Qua Fev 20 20:22:38 BRT 2013 --- Juan Lopes e Leandro Thimóteo
Qua Fev 20 20:28:21 BRT 2013 --- Carlos Cunha e Juan Lopes
Qua Fev 20 20:42:34 BRT 2013 --- Israel Teixeira e Carlos Cunha
Qua Fev 20 20:49:40 BRT 2013 --- Jonathan Santos e Israel Teixeira
Qua Fev 20 20:56:47 BRT 2013 --- Thiago Belem e Jonathan Santos
Qua Fev 20 21:03:27 BRT 2013 --- Jonatas Emidio e Thiago Belem
Qua Fev 20 21:08:47 BRT 2013 --- Juan Lopes e Jonatas Emidio
Qua Fev 20 21:17:00 BRT 2013 --- Otávio Cardoso e Juan Lopes
Qua Fev 20 21:22:53 BRT 2013 --- Jacqueline Abreu e Otávio Cardoso
Qua Fev 20 21:29:14 BRT 2013 --- Edson Pinages e Jacqueline Abreu
Qua Fev 20 21:40:03 BRT 2013 --- Jacqueline Abreu e Edson Pinages
