Qua Abr 24 19:36:51 BRT 2013 --- Thiago Belem e Israel Teixeira
Qua Abr 24 20:02:39 BRT 2013 --- Cláudio Berrondo e Thiago Belem
Qua Abr 24 20:15:57 BRT 2013 --- Jonatas Emidio e Cláudio Berrondo
Qua Abr 24 20:25:24 BRT 2013 --- Rodrigo Vidal e Jonatas Emidio
Qua Abr 24 20:31:20 BRT 2013 --- Israel Teixeira e Rodrigo Vidal
Qua Abr 24 20:36:36 BRT 2013 --- Thiago Belem e Israel Teixeira
Qua Abr 24 20:44:00 BRT 2013 --- Bernardo Rosmaninho e Thiago Belem
Qua Abr 24 20:49:24 BRT 2013 --- Cláudio Berrondo e Bernardo Rosmaninho
Qua Abr 24 20:55:03 BRT 2013 --- Israel Teixeira e Cláudio Berrondo
Qua Abr 24 21:01:22 BRT 2013 --- Carlos Cunha e Israel Teixeira
Qua Abr 24 21:11:34 BRT 2013 --- Jonatas Emidio e Carlos Cunha
Qua Abr 24 21:22:56 BRT 2013 --- israel Teixeira e Jonatas Emidio
Qua Abr 24 21:30:19 BRT 2013 --- Jonatas Emidio e Israel Teixeira
Qua Mai 8 19:31:28 BRT 2013 --- Juan Lopes e Otávio Cardoso
Qua Mai 8 19:36:53 BRT 2013 --- Thiago Belem e Juan Lopes
Qua Mai 8 19:44:54 BRT 2013 --- Eduardo Stalinho e Thiago Belem
Qua Mai 8 19:50:20 BRT 2013 --- Jonatas Emidio e Eduardo Stalinho
Qua Mai 8 19:56:11 BRT 2013 --- Flávio Amieiro e Jonatas Emidio
Qua Mai 8 20:02:30 BRT 2013 --- Juan Lopes e Flávio Amieiro
Qua Mai 8 20:09:17 BRT 2013 --- Otávio Cardoso e Juan Lopes
Qua Mai 8 20:17:58 BRT 2013 --- teste2 e Otávio Cardoso
Qua Mai 8 20:25:16 BRT 2013 --- Rodrigo Pinto e Thiago Belem
Qua Mai 8 20:31:21 BRT 2013 --- jonatas Emidio e Rodrigo Pinto
Qua Mai 8 20:36:33 BRT 2013 --- Juan Lopes e jonatas Emidio
Qua Mai 8 20:42:17 BRT 2013 --- Otávio Cardoso e Juan Lopes
Qua Mai 8 20:47:55 BRT 2013 --- Thiago Belem e Otávio Cardoso
Qua Mai 8 20:56:08 BRT 2013 --- Rodrigo Pinto e Thiago Belem
Qua Mai 8 21:03:18 BRT 2013 --- Israel Teixeira e Rodrigo Pinto
Qua Mai 8 21:09:42 BRT 2013 --- Andre Oliveira e Israel Teixeira
Qua Mai 8 21:15:02 BRT 2013 --- Eduardo Stalinho e Andre Oliveira
Qua Mai 8 21:20:30 BRT 2013 --- Juan Lopes e Eduardo Stalinho
Qua Mai 8 21:26:20 BRT 2013 --- Otávio Cardoso e Juan Lopes
