%date% %time% poker.rb poker_spec.rb %~1 and %~2
%date% %time% dojo.log poker.rb poker_spec.rb %~1 and %~2
%date% %time% dojo.log poker.rb poker_spec.rb %~1 and %~2
%date% %time% dojo.log poker.rb poker_spec.rb %~1 and %~2
%date% %time% dojo.log poker.rb poker_spec.rb %~1 and %~2
%date% %time% dojo.log poker.rb poker_spec.rb %~1 and %~2
%date% %time% dojo.log poker.rb poker_spec.rb %~1 and %~2
%date% %time% dojo.log poker.rb poker_spec.rb %~1 and %~2
%date% %time% dojo.log poker.rb poker_spec.rb %~1 and %~2
%date% %time% dojo.log poker.rb poker_spec.rb %~1 and %~2
%date% %time% dojo.log poker.rb poker_spec.rb %~1 and %~2
%date% %time% dojo.log poker.rb poker_spec.rb %~1 and %~2
%date% %time% dojo.log poker.rb poker_spec.rb %~1 and %~2
%date% %time% dojo.log poker.rb poker_spec.rb %~1 and %~2
%date% %time% dojo.log poker.rb poker_spec.rb %~1 and %~2
%date% %time% dojo.log poker.rb poker_spec.rb %~1 and %~2
Qua Mar 19 21:10:10 BRT 2014 - Juan Lopes e Otavio Cardoso
Qua Mar 19 21:16:58 BRT 2014 - Tino Gomes e Juan Lopes
Qua Mar 19 21:24:06 BRT 2014 - Otavio Cardoso e Tino Gomes
Qua Mar 19 21:29:44 BRT 2014 - Carlos Figueiredo e Otavio Cardoso
Qua Mar 19 21:35:33 BRT 2014 - Juan Lopes e Carlos Figueiredo
