Qua Abr 4 19:13:11 BRT 2012 --- Flavio Amieiro and Juan Lopes
Qua Abr 4 19:19:04 BRT 2012 --- Carlos Eduardo and Flavio Amieiro
Qua Abr 4 19:25:20 BRT 2012 --- Ronald Kaiser and Carlos Eduardo
Qua Abr 4 19:30:44 BRT 2012 --- Juan Lopes and Ronald Kaiser
Qua Abr 4 19:36:21 BRT 2012 --- Flavio Amieiro and Juan Lopes
Qua Abr 4 19:42:23 BRT 2012 --- Carlos Eduardo and Flavio Amieiro
Qua Abr 4 19:48:53 BRT 2012 --- Fabricio Akio and Carlos Eduardo
Qua Abr 4 19:54:18 BRT 2012 --- Ronald Kaiser and Fabricio Akio
Qua Abr 4 20:00:52 BRT 2012 --- Juan Lopes and Ronald Kaiser
Qua Abr 4 20:08:27 BRT 2012 --- Fl치vio Amieiro and Juan Lopes
Qua Abr 4 20:16:41 BRT 2012 --- Jacqueline Abreu and Fl치vio Amieiro
Qua Abr 4 20:26:30 BRT 2012 --- Carlos Eduardo and Jacqueline Abreu
Qua Abr 4 20:31:51 BRT 2012 --- Fabricio Akio and Carlos Eduardo
Qua Abr 4 20:37:21 BRT 2012 --- Juan Lopes and Fabricio Akio
Qua Abr 4 20:42:55 BRT 2012 --- jayron soares and Juan Lopes
Qua Abr 4 20:50:39 BRT 2012 --- Fabricio Akio and jayron soares
Qua Abr 4 20:57:34 BRT 2012 --- Juan Lopes and Fabricio Akio
Qua Abr 4 21:07:25 BRT 2012 --- Fl치vio Amieiro and Juan Lopes
Qua Abr 4 21:16:11 BRT 2012 --- Lucas R. Martins and Fl치vio Amieiro
Qua Abr 4 21:23:23 BRT 2012 --- Juan Lopes and Lucas R. Martins
