Qua Out 24 18:58:30 BRST 2012 --- Jonatas Emidio and Thiago Belem
Qua Out 24 19:06:31 BRST 2012 --- Renan Augusto and Jonatas Emidio
Qua Out 24 19:12:48 BRST 2012 --- Otavio Cardoso and Renan Augusto
Qua Out 24 19:18:29 BRST 2012 --- Juan Lopes and Otavio Cardoso
Qua Out 24 19:24:06 BRST 2012 --- Israel Teixeira and Juan Lopes
Qua Out 24 19:30:42 BRST 2012 --- Thiago Belem and Israel Teixeira
Qua Out 24 19:37:52 BRST 2012 --- Flávio Amieiro and Thiago Belem
Qua Out 24 19:43:48 BRST 2012 --- Jonatas Emidio and Flávio Amieiro
Qua Out 24 19:49:07 BRST 2012 --- Israel Teixeira and Jonatas Emidio
Qua Out 24 19:55:40 BRST 2012 --- Valéria Parajara and Israel Teixeira
Qua Out 24 20:01:44 BRST 2012 --- Thiago Belem and Valéria Parajara
Qua Out 24 20:08:19 BRST 2012 --- Carlos Cunha and Thiago Belem
Qua Out 24 20:18:42 BRST 2012 --- cecília Belém and Carlos Cunha
Qua Out 24 20:25:41 BRST 2012 --- thiago Belem and cecília Belém
Qua Out 24 20:40:51 BRST 2012 --- Otavio Cardoso and thiago Belem
Qua Out 24 20:49:46 BRST 2012 --- Jacqueline Abreu and Otavio Cardoso
Qua Out 24 20:50:16 BRST 2012 --- Juan Lopes and Jacqueline Abreu
Qua Out 24 20:55:48 BRST 2012 --- Otavio Cardoso and Juan Lopes
Qua Out 24 21:03:18 BRST 2012 --- Thiago Belem and Otavio Cardoso
Qua Out 24 21:14:41 BRST 2012 --- Flávio Amieiro and Thiago Belem
Qua Out 24 21:24:37 BRST 2012 --- Jonatas Emidio and Flávio Amieiro
Qua Out 24 21:30:24 BRST 2012 --- André Pfeiffer and Jonatas Emidio
