Qua Mai 22 18:57:06 BRT 2013 --- Valéria Parajara e Thiago Belem
Qua Mai 22 19:09:49 BRT 2013 --- Otávio Cardoso e Valéria Parajara
Qua Mai 22 19:16:17 BRT 2013 --- Eduardo Stalinho e Otávio Cardoso
Qua Mai 22 19:21:38 BRT 2013 --- Juan Lopes e Eduardo Stalinho
Qua Mai 22 19:26:53 BRT 2013 --- Jacqueline Abreu e Juan Lopes
Qua Mai 22 19:33:34 BRT 2013 --- Elias Tandel e Jacqueline Abreu
Qua Mai 22 19:39:20 BRT 2013 --- Israel Teixeira e Elias Tandel
Qua Mai 22 19:45:24 BRT 2013 --- Thiago Belem e Israel Teixeira
Qua Mai 22 19:53:50 BRT 2013 --- Otávio Cardoso e Thiago Belem
Qua Mai 22 20:02:50 BRT 2013 --- Carlos Cunha e Otávio Cardoso
Qua Mai 22 20:08:32 BRT 2013 --- Gabriel Barbier e Carlos Cunha
Qua Mai 22 20:16:08 BRT 2013 --- Juan Lopes e Gabriel Barbier
Qua Mai 22 20:23:15 BRT 2013 --- Thiago Belem e Juan Lopes
Qua Mai 22 20:31:46 BRT 2013 --- Otávio Cardoso e Thiago Belem
Qua Mai 22 20:42:28 BRT 2013 --- Maximus e Otávio Cardoso
Qua Mai 22 20:48:03 BRT 2013 --- Israel Teixeira e Maximus
Qua Mai 22 20:54:03 BRT 2013 --- Marcos Vinicius e Israel Teixeira
Qua Mai 22 21:01:08 BRT 2013 --- Juan Lopes e Marcos Vinicius
Qua Jun 5 19:46:02 BRT 2013 --- Thiago Belem e Juan Lopes
Qua Jun 5 20:07:16 BRT 2013 --- Otávio Cardoso e Thiago Belem
Qua Jun 5 20:13:16 BRT 2013 --- Andre Oliveira e Otávio Cardoso
Qua Jun 5 20:19:01 BRT 2013 --- Álvaro Justen e Andre Oliveira
Qua Jun 5 20:27:41 BRT 2013 --- Elias Tandel e Álvaro Justen
Qua Jun 5 20:33:32 BRT 2013 --- Carlos Cunha e Elias Tandel
