Qua Set 11 19:29:19 BRT 2013 --- Jonathan Santos e Israel Teixeira
Qua Set 11 19:29:38 BRT 2013 --- Jonatas Emidio e Israel Teixeira
Qua Set 11 19:35:29 BRT 2013 --- Renan Cardoso e Jonatas Emidio
Qua Set 11 19:41:01 BRT 2013 --- Thiago Belem e Renan Cardoso
Qua Set 11 19:47:13 BRT 2013 --- Carlos Cunha e Thiago Belem
Qua Set 11 20:00:09 BRT 2013 --- Carlos Figueiredo e Carlos Cunha
Qua Set 11 20:06:03 BRT 2013 --- Israel Teixeira e Carlos Figueiredo
Qua Set 11 20:11:56 BRT 2013 --- Jonatas Emidio e Israel Teixeira
Qua Set 11 20:17:33 BRT 2013 --- Renan Cardoso e Jonatas Emidio
Qua Set 11 20:23:26 BRT 2013 --- Carlos Figueiredo e Renan Cardoso
Qua Set 11 20:33:13 BRT 2013 --- Israel Teixeira e Carlos Figueiredo
Qua Set 11 20:41:49 BRT 2013 --- Leandro Thimóteo e Israel Teixeira
Qua Set 11 20:48:16 BRT 2013 --- Jonatas Emidio e Leandro Thimóteo
Qua Set 11 20:57:47 BRT 2013 --- Alexandre Vaz e Jonatas Emidio
Qua Set 11 21:03:52 BRT 2013 --- Israel Teixeira e Alexandre Vaz
Qua Set 11 21:09:09 BRT 2013 --- Thiago Belem e Israel Teixeira
Qua Set 11 21:15:03 BRT 2013 --- Renan Cardoso e Thiago Belem
Qua Set 11 21:20:34 BRT 2013 --- Jonatas Emidio e Renan Cardoso
Qua Set 11 21:26:05 BRT 2013 --- Israel Teixeira e Jonatas Emidio
Qua Set 11 21:31:26 BRT 2013 --- Leandro Thimóteo e Israel Teixeira
