Qua Jul 27 19:31:44 BRT 2016 - Raysa Dutra e Otavio Cardoso
Qua Jul 27 19:37:16 BRT 2016 - Toti Cavalcanti e Raysa Dutra
Qua Jul 27 19:42:46 BRT 2016 - Rafael Miceli e Toti Cavalcanti
Qua Jul 27 19:48:12 BRT 2016 - Otavio Cardoso e Rafael Miceli
Qua Jul 27 19:53:52 BRT 2016 - Raysa Dutra e Otavio Cardoso
Qua Jul 27 19:59:17 BRT 2016 - Toti Cavalcanti e Raysa Dutra
Qua Jul 27 20:04:49 BRT 2016 - Rafael Miceli e Toti Cavalcanti
Qua Jul 27 20:10:13 BRT 2016 - Otavio Cardoso e Rafael Miceli
Qua Jul 27 20:15:36 BRT 2016 - Raysa Dutra e Otavio Cardoso
Qua Jul 27 20:21:06 BRT 2016 - Toti Cavalcanti e Raysa Dutra
Qua Jul 27 20:26:25 BRT 2016 - Rafael Miceli e Toti Cavalcanti
Qua Jul 27 20:31:49 BRT 2016 - Otavio Cardoso e Rafael Miceli
Qua Jul 27 20:38:01 BRT 2016 - Raysa Dutra e Otavio Cardoso
Qua Jul 27 20:43:21 BRT 2016 - Rafael Miceli e Raysa Dutra
Qua Jul 27 20:48:49 BRT 2016 - Toti Cavalcanti e Rafael Miceli
Qua Jul 27 20:54:44 BRT 2016 - Otavio Cardoso e Toti Cavalcanti
Qua Jul 27 21:03:32 BRT 2016 - Raysa Dutra e Otavio Cardoso
Qua Jul 27 21:13:17 BRT 2016 - Toti Cavalcanti e Raysa Dutra
Qua Jul 27 21:18:33 BRT 2016 - Rafael Miceli e Toti Cavalcanti
Qua Jul 27 21:25:18 BRT 2016 - Otavio Cardoso e Rafael Miceli
Qua Jul 27 21:31:20 BRT 2016 - Raysa Dutra e Otavio Cardoso
